**********************
Windows PowerShell transcript start
Start time: 20210519111117
Username: LAB-HOST\Sunil
RunAs User: LAB-HOST\Sunil
Configuration Name: 
Machine: LAB-HOST (Microsoft Windows NT 10.0.19042.0)
Host Application: powershell.exe -WindowStyle hidden -ExecutionPolicy Bypass -STA -NoProfile -File Find_Covid_Vaccine_Centers.ps1
Process ID: 4028
PSVersion: 5.1.19041.906
PSEdition: Desktop
PSCompatibleVersions: 1.0, 2.0, 3.0, 4.0, 5.0, 5.1.19041.906
BuildVersion: 10.0.19041.906
CLRVersion: 4.0.30319.42000
WSManStackVersion: 3.0
PSRemotingProtocolVersion: 2.3
SerializationVersion: 1.1.0.1
**********************
Transcript started, output file is C:\Users\Sunil\Desktop\VaccineFinder\main\Logs.log
WARNING: By default only 18+ slots are visible to include 45+ use switch '-ShowAll'
gc : Cannot find path 'C:\Users\Sunil\Desktop\VaccineFinder\main\Pins.cfg' because it does not exist.
At C:\Users\Sunil\Desktop\VaccineFinder\main\Find_Covid_Vaccine_Centers.ps1:76 char:8
+ $PINs=(gc Pins.cfg)
+        ~~~~~~~~~~~
    + CategoryInfo          : ObjectNotFound: (C:\Users\Sunil\...r\main\Pins.cfg:String) [Get-Content], 
ItemNotFoundException
    + FullyQualifiedErrorId : PathNotFound,Microsoft.PowerShell.Commands.GetContentCommand
gc : Cannot find path 'C:\Users\Sunil\Desktop\VaccineFinder\main\Pins.cfg'
because it does not exist.
At C:\Users\Sunil\Desktop\VaccineFinder\main\Find_Covid_Vaccine_Centers.ps1:76
char:8
+ $PINs=(gc Pins.cfg)
+        ~~~~~~~~~~~
    + CategoryInfo          : ObjectNotFound: (C:\Users\Sunil\...r\main\Pins.c
   fg:String) [Get-Content], ItemNotFoundException
    + FullyQualifiedErrorId : PathNotFound,Microsoft.PowerShell.Commands.GetCo
   ntentCommand

Wating for 60 sec...
gc : Cannot find path 'C:\Users\Sunil\Desktop\VaccineFinder\main\Pins.cfg' because it does not exist.
At C:\Users\Sunil\Desktop\VaccineFinder\main\Find_Covid_Vaccine_Centers.ps1:76 char:8
+ $PINs=(gc Pins.cfg)
+        ~~~~~~~~~~~
    + CategoryInfo          : ObjectNotFound: (C:\Users\Sunil\...r\main\Pins.cfg:String) [Get-Content], 
ItemNotFoundException
    + FullyQualifiedErrorId : PathNotFound,Microsoft.PowerShell.Commands.GetContentCommand
gc : Cannot find path 'C:\Users\Sunil\Desktop\VaccineFinder\main\Pins.cfg'
because it does not exist.
At C:\Users\Sunil\Desktop\VaccineFinder\main\Find_Covid_Vaccine_Centers.ps1:76
char:8
+ $PINs=(gc Pins.cfg)
+        ~~~~~~~~~~~
    + CategoryInfo          : ObjectNotFound: (C:\Users\Sunil\...r\main\Pins.c
   fg:String) [Get-Content], ItemNotFoundException
    + FullyQualifiedErrorId : PathNotFound,Microsoft.PowerShell.Commands.GetCo
   ntentCommand

Wating for 60 sec...
 05/19/2021 11:13:18 Checking available Centers for 201301 from start date 19-05-2021
Center Found 05/19/2021 11:13:30 - PIN:201301

Center Name                date       min_age_limit vaccine    available_capaci
                                                                             ty
-----------                ----       ------------- -------    ----------------
APOLLO HOSPITALS PVT       19-05-2021            18 COVISHIELD                9
MAX MULTISPECIALITY CENTRE 19-05-2021            18 COVISHIELD               25
MAX MULTISPECIALITY CENTRE 20-05-2021            18 COVISHIELD               37


 05/19/2021 11:13:30 Checking available Centers for 203207 from start date 19-05-2021
 05/19/2021 11:13:30 Checking available Centers for 201310 from start date 19-05-2021
 05/19/2021 11:13:30 Checking available Centers for 461775 from start date 19-05-2021
Wating for 60 sec...
 05/19/2021 11:14:30 Checking available Centers for 201301 from start date 19-05-2021
Center Found 05/19/2021 11:14:31 - PIN:201301

Center Name                date       min_age_limit vaccine    available_capaci
                                                                             ty
-----------                ----       ------------- -------    ----------------
APOLLO HOSPITALS PVT       19-05-2021            18 COVISHIELD                9
MAX MULTISPECIALITY CENTRE 19-05-2021            18 COVISHIELD               25
MAX MULTISPECIALITY CENTRE 20-05-2021            18 COVISHIELD               37


 05/19/2021 11:14:31 Checking available Centers for 203207 from start date 19-05-2021
 05/19/2021 11:14:31 Checking available Centers for 201310 from start date 19-05-2021
 05/19/2021 11:14:31 Checking available Centers for 461775 from start date 19-05-2021
Wating for 60 sec...
 05/19/2021 11:15:31 Checking available Centers for 201301 from start date 19-05-2021
Center Found 05/19/2021 11:15:31 - PIN:201301

Center Name                date       min_age_limit vaccine    available_capaci
                                                                             ty
-----------                ----       ------------- -------    ----------------
APOLLO HOSPITALS PVT       19-05-2021            18 COVISHIELD                9
MAX MULTISPECIALITY CENTRE 19-05-2021            18 COVISHIELD               25
MAX MULTISPECIALITY CENTRE 20-05-2021            18 COVISHIELD               37


 05/19/2021 11:15:31 Checking available Centers for 203207 from start date 19-05-2021
 05/19/2021 11:15:31 Checking available Centers for 201310 from start date 19-05-2021
 05/19/2021 11:15:32 Checking available Centers for 461775 from start date 19-05-2021
**********************
Windows PowerShell transcript end
End time: 20210519111532
**********************
